--- Copying files at Wed Jul 27 11:58:39 UTC 2022
INSTALLED plugins/jenkins-design-language.jpi : 1.25.5
INSTALLED plugins/pipeline-milestone-step.jpi : 101.vd572fef9d926
INSTALLED plugins/blueocean-github-pipeline.jpi : 1.25.5
INSTALLED plugins/snakeyaml-api.jpi : 1.30.2-76.vc104f7ce9870
INSTALLED plugins/scm-api.jpi : 616.ve67136f6c77d
INSTALLED plugins/instance-identity.jpi : 116.vf8f487400980
INSTALLED plugins/authentication-tokens.jpi : 1.4
INSTALLED plugins/jsch.jpi : 0.1.55.2
INSTALLED plugins/blueocean-commons.jpi : 1.25.5
INSTALLED plugins/ssh-credentials.jpi : 295.vced876c18eb_4
INSTALLED plugins/cloudbees-folder.jpi : 6.736.v5f554b_b_a_52b_3
INSTALLED plugins/ace-editor.jpi : 1.1
INSTALLED plugins/jjwt-api.jpi : 0.11.5-77.v646c772fddb_0
INSTALLED plugins/blueocean-display-url.jpi : 2.4.1
INSTALLED plugins/bouncycastle-api.jpi : 2.26
INSTALLED plugins/blueocean-web.jpi : 1.25.5
INSTALLED plugins/cloudbees-bitbucket-branch-source.jpi : 784.v7fcdc7c670f6
INSTALLED plugins/workflow-basic-steps.jpi : 980.v82219a_ed188e
INSTALLED plugins/structs.jpi : 324.va_f5d6774f3a_d
INSTALLED plugins/durable-task.jpi : 496.va67c6f9eefa7
INSTALLED plugins/workflow-durable-task-step.jpi : 1199.v02b_9244f8064
INSTALLED plugins/workflow-multibranch.jpi : 716.vc692a_e52371b_
INSTALLED plugins/blueocean-events.jpi : 1.25.5
INSTALLED plugins/pipeline-graph-analysis.jpi : 195.v5812d95a_a_2f9
INSTALLED plugins/workflow-job.jpi : 1232.v5a_4c994312f1
INSTALLED plugins/htmlpublisher.jpi : 1.30
INSTALLED plugins/docker-commons.jpi : 1.19
INSTALLED plugins/javax-activation-api.jpi : 1.2.0-4
INSTALLED plugins/workflow-cps.jpi : 2759.v87459c4eea_ca_
INSTALLED plugins/workflow-scm-step.jpi : 400.v6b_89a_1317c9a_
INSTALLED plugins/pipeline-input-step.jpi : 449.v77f0e8b_845c4
INSTALLED plugins/blueocean-pipeline-editor.jpi : 1.25.5
INSTALLED plugins/blueocean-rest.jpi : 1.25.5
INSTALLED plugins/script-security.jpi : 1175.v4b_d517d6db_f0
INSTALLED plugins/blueocean-personalization.jpi : 1.25.5
INSTALLED plugins/blueocean-pipeline-scm-api.jpi : 1.25.5
INSTALLED plugins/workflow-api.jpi : 1188.v0016b_4f29881
INSTALLED plugins/pubsub-light.jpi : 1.16
INSTALLED plugins/credentials-binding.jpi : 523.vd859a_4b_122e6
INSTALLED plugins/checks-api.jpi : 1.7.4
INSTALLED plugins/junit.jpi : 1119.1121.vc43d0fc45561
INSTALLED plugins/jakarta-mail-api.jpi : 2.0.0-6
INSTALLED plugins/github-api.jpi : 1.303-400.v35c2d8258028
INSTALLED plugins/blueocean-rest-impl.jpi : 1.25.5
INSTALLED plugins/plain-credentials.jpi : 1.8
INSTALLED plugins/trilead-api.jpi : 1.67.vc3938a_35172f
INSTALLED plugins/jakarta-activation-api.jpi : 2.0.0-3
INSTALLED plugins/display-url-api.jpi : 2.3.6
INSTALLED plugins/blueocean-git-pipeline.jpi : 1.25.5
INSTALLED plugins/git.jpi : 4.11.3
INSTALLED plugins/pipeline-stage-tags-metadata.jpi : 2.2114.v2654ca_721309
INSTALLED plugins/git-client.jpi : 3.11.0
INSTALLED plugins/credentials.jpi : 1139.veb_9579fca_33b_
INSTALLED plugins/github.jpi : 1.34.4
INSTALLED plugins/variant.jpi : 59.vf075fe829ccb
INSTALLED plugins/workflow-step-api.jpi : 639.v6eca_cd8c04a_a_
INSTALLED plugins/pipeline-model-definition.jpi : 2.2114.v2654ca_721309
INSTALLED plugins/branch-api.jpi : 2.1046.v0ca_37783ecc5
INSTALLED plugins/token-macro.jpi : 308.v4f2b_ed62b_b_16
INSTALLED plugins/pipeline-model-api.jpi : 2.2114.v2654ca_721309
INSTALLED plugins/echarts-api.jpi : 5.3.3-1
INSTALLED plugins/caffeine-api.jpi : 2.9.3-65.v6a_47d0f4d1fe
INSTALLED plugins/blueocean-i18n.jpi : 1.25.5
INSTALLED plugins/workflow-support.jpi : 833.va_1c71061486b_
INSTALLED plugins/github-branch-source.jpi : 1677.v731f745ea_0cf
INSTALLED plugins/sse-gateway.jpi : 1.25
INSTALLED plugins/jaxb.jpi : 2.3.6-1
INSTALLED plugins/blueocean-pipeline-api-impl.jpi : 1.25.5
INSTALLED plugins/blueocean-core-js.jpi : 1.25.5
INSTALLED plugins/blueocean-autofavorite.jpi : 1.2.5
INSTALLED plugins/favorite.jpi : 2.4.1
INSTALLED plugins/jquery3-api.jpi : 3.6.0-4
INSTALLED plugins/blueocean.jpi : 1.25.5
INSTALLED plugins/font-awesome-api.jpi : 6.1.1-1
INSTALLED plugins/docker-workflow.jpi : 1.28
INSTALLED plugins/bootstrap5-api.jpi : 5.1.3-7
INSTALLED plugins/plugin-util-api.jpi : 2.17.0
INSTALLED plugins/apache-httpcomponents-client-4-api.jpi : 4.5.13-1.0
INSTALLED plugins/jackson2-api.jpi : 2.13.3-285.vc03c0256d517
INSTALLED plugins/blueocean-dashboard.jpi : 1.25.5
INSTALLED plugins/mailer.jpi : 438.v02c7f0a_12fa_4
INSTALLED plugins/blueocean-config.jpi : 1.25.5
INSTALLED plugins/matrix-project.jpi : 785.v06b_7f47b_c631
INSTALLED plugins/popper2-api.jpi : 2.11.5-2
INSTALLED plugins/blueocean-jwt.jpi : 1.25.5
INSTALLED plugins/blueocean-bitbucket-pipeline.jpi : 1.25.5
INSTALLED plugins/pipeline-build-step.jpi : 2.18
INSTALLED plugins/pipeline-groovy-lib.jpi : 598.vcd66b_a_336510
INSTALLED plugins/handy-uri-templates-2-api.jpi : 2.1.8-22.v77d5b_75e6953
INSTALLED plugins/pipeline-stage-step.jpi : 293.v200037eefcd5
INSTALLED plugins/okhttp-api.jpi : 4.9.3-105.vb96869f8ac3a
INSTALLED plugins/pipeline-model-extensions.jpi : 2.2114.v2654ca_721309
--- Copying files at Wed Jul 27 12:43:21 UTC 2022
--- Copying files at Wed Jul 27 12:57:41 UTC 2022
--- Copying files at Wed Jul 27 13:04:55 UTC 2022
--- Copying files at Wed Jul 27 13:27:00 UTC 2022
--- Copying files at Wed Jul 27 13:31:59 UTC 2022
--- Copying files at Wed Jul 27 13:40:10 UTC 2022
--- Copying files at Wed Jul 27 13:55:14 UTC 2022
--- Copying files at Wed Jul 27 14:19:11 UTC 2022
--- Copying files at Wed Jul 27 14:27:47 UTC 2022
--- Copying files at Wed Jul 27 14:54:24 UTC 2022
--- Copying files at Wed Jul 27 15:20:34 UTC 2022
UPGRADED plugins/git.jpi : Image version (4.11.4) is newer than installed version (4.11.3)
UPGRADED plugins/git-client.jpi : Image version (3.11.1) is newer than installed version (3.11.0)
UPGRADED plugins/github.jpi : Image version (1.34.5) is newer than installed version (1.34.4)
--- Copying files at Thu Jul 28 17:35:47 UTC 2022
--- Copying files at Thu Jul 28 17:46:01 UTC 2022
--- Copying files at Thu Jul 28 17:52:59 UTC 2022
--- Copying files at Thu Jul 28 18:04:48 UTC 2022
--- Copying files at Thu Jul 28 20:26:01 UTC 2022
UPGRADED plugins/cloudbees-folder.jpi : Image version (6.740.ve4f4ffa_dea_54) is newer than installed version (6.736.v5f554b_b_a_52b_3)
UPGRADED plugins/workflow-basic-steps.jpi : Image version (986.v6b_9c830a_6b_37) is newer than installed version (980.v82219a_ed188e)
UPGRADED plugins/plain-credentials.jpi : Image version (139.ved2b_9cf7587b) is newer than installed version (1.8)
UPGRADED plugins/apache-httpcomponents-client-4-api.jpi : Image version (4.5.13-138.v4e7d9a_7b_a_e61) is newer than installed version (4.5.13-1.0)
--- Copying files at Thu Jul 28 20:41:00 UTC 2022
--- Copying files at Thu Jul 28 20:46:52 UTC 2022
--- Copying files at Thu Jul 28 20:57:28 UTC 2022
--- Copying files at Thu Jul 28 21:44:12 UTC 2022
--- Copying files at Fri Jul 29 10:36:47 UTC 2022
--- Copying files at Fri Jul 29 15:40:39 UTC 2022
--- Copying files at Mon Aug  1 12:50:15 UTC 2022
--- Copying files at Mon Aug  1 16:28:15 UTC 2022
--- Copying files at Mon Aug  1 17:09:24 UTC 2022
UPGRADED plugins/scm-api.jpi : Image version (620.v0a_5b_1f8054c0) is newer than installed version (616.ve67136f6c77d)
UPGRADED plugins/cloudbees-folder.jpi : Image version (6.758.vfd75d09eea_a_1) is newer than installed version (6.740.ve4f4ffa_dea_54)
UPGRADED plugins/pipeline-groovy-lib.jpi : Image version (612.v84da_9c54906d) is newer than installed version (598.vcd66b_a_336510)
--- Copying files at Tue Aug  2 14:46:43 UTC 2022
--- Copying files at Tue Aug  2 15:17:05 UTC 2022
UPGRADED plugins/workflow-support.jpi : Image version (838.va_3a_087b_4055b) is newer than installed version (833.va_1c71061486b_)
UPGRADED plugins/okhttp-api.jpi : Image version (4.9.3-108.v0feda04578cf) is newer than installed version (4.9.3-105.vb96869f8ac3a)
--- Copying files at Tue Aug  2 15:31:47 UTC 2022
--- Copying files at Tue Aug  2 15:33:41 UTC 2022
--- Copying files at Tue Aug  2 16:02:28 UTC 2022
--- Copying files at Tue Aug  2 16:07:53 UTC 2022
--- Copying files at Tue Aug  2 16:46:33 UTC 2022
--- Copying files at Tue Aug  2 17:00:53 UTC 2022
--- Copying files at Wed Aug  3 11:34:15 UTC 2022
--- Copying files at Wed Aug  3 13:16:29 UTC 2022
--- Copying files at Wed Aug  3 15:38:46 UTC 2022
--- Copying files at Wed Aug  3 15:53:28 UTC 2022
UPGRADED plugins/jsch.jpi : Image version (0.1.55.61.va_e9ee26616e7) is newer than installed version (0.1.55.2)
UPGRADED plugins/trilead-api.jpi : Image version (1.71.v9e7860a_67a_df) is newer than installed version (1.67.vc3938a_35172f)
UPGRADED plugins/jakarta-activation-api.jpi : Image version (2.0.1-1) is newer than installed version (2.0.0-3)
--- Copying files at Wed Aug  3 16:37:05 UTC 2022
--- Copying files at Wed Aug  3 16:41:06 UTC 2022
--- Copying files at Wed Aug  3 17:06:52 UTC 2022
--- Copying files at Wed Aug  3 17:11:06 UTC 2022
--- Copying files at Wed Aug  3 17:16:52 UTC 2022
--- Copying files at Thu Aug  4 10:06:22 UTC 2022
--- Copying files at Thu Aug  4 12:26:25 UTC 2022
--- Copying files at Fri Aug  5 09:45:19 UTC 2022
--- Copying files at Fri Aug  5 09:48:56 UTC 2022
--- Copying files at Fri Aug  5 09:52:22 UTC 2022
--- Copying files at Fri Aug  5 09:57:48 UTC 2022
--- Copying files at Mon Aug  8 14:48:24 UTC 2022
UPGRADED plugins/jenkins-design-language.jpi : Image version (1.25.6) is newer than installed version (1.25.5)
UPGRADED plugins/blueocean-github-pipeline.jpi : Image version (1.25.6) is newer than installed version (1.25.5)
UPGRADED plugins/blueocean-commons.jpi : Image version (1.25.6) is newer than installed version (1.25.5)
UPGRADED plugins/blueocean-web.jpi : Image version (1.25.6) is newer than installed version (1.25.5)
UPGRADED plugins/blueocean-events.jpi : Image version (1.25.6) is newer than installed version (1.25.5)
UPGRADED plugins/blueocean-pipeline-editor.jpi : Image version (1.25.6) is newer than installed version (1.25.5)
UPGRADED plugins/blueocean-rest.jpi : Image version (1.25.6) is newer than installed version (1.25.5)
UPGRADED plugins/blueocean-personalization.jpi : Image version (1.25.6) is newer than installed version (1.25.5)
UPGRADED plugins/blueocean-pipeline-scm-api.jpi : Image version (1.25.6) is newer than installed version (1.25.5)
UPGRADED plugins/pubsub-light.jpi : Image version (1.17) is newer than installed version (1.16)
UPGRADED plugins/jakarta-mail-api.jpi : Image version (2.0.1-1) is newer than installed version (2.0.0-6)
UPGRADED plugins/blueocean-rest-impl.jpi : Image version (1.25.6) is newer than installed version (1.25.5)
SKIPPED plugins/trilead-api.jpi : Image version (1.67.vc3938a_35172f) is older than installed version (1.71.v9e7860a_67a_df)
UPGRADED plugins/blueocean-git-pipeline.jpi : Image version (1.25.6) is newer than installed version (1.25.5)
UPGRADED plugins/git-client.jpi : Image version (3.11.2) is newer than installed version (3.11.1)
UPGRADED plugins/blueocean-i18n.jpi : Image version (1.25.6) is newer than installed version (1.25.5)
UPGRADED plugins/blueocean-pipeline-api-impl.jpi : Image version (1.25.6) is newer than installed version (1.25.5)
UPGRADED plugins/blueocean-core-js.jpi : Image version (1.25.6) is newer than installed version (1.25.5)
UPGRADED plugins/blueocean-dashboard.jpi : Image version (1.25.6) is newer than installed version (1.25.5)
UPGRADED plugins/blueocean-config.jpi : Image version (1.25.6) is newer than installed version (1.25.5)
UPGRADED plugins/blueocean-jwt.jpi : Image version (1.25.6) is newer than installed version (1.25.5)
UPGRADED plugins/blueocean-bitbucket-pipeline.jpi : Image version (1.25.6) is newer than installed version (1.25.5)
--- Copying files at Fri Aug 12 07:47:29 UTC 2022
SKIPPED plugins/trilead-api.jpi : Image version (1.67.vc3938a_35172f) is older than installed version (1.71.v9e7860a_67a_df)
--- Copying files at Fri Aug 12 12:34:26 UTC 2022
SKIPPED plugins/trilead-api.jpi : Image version (1.67.vc3938a_35172f) is older than installed version (1.71.v9e7860a_67a_df)
--- Copying files at Fri Aug 12 13:38:24 UTC 2022
SKIPPED plugins/trilead-api.jpi : Image version (1.67.vc3938a_35172f) is older than installed version (1.71.v9e7860a_67a_df)
--- Copying files at Fri Aug 12 13:47:24 UTC 2022
SKIPPED plugins/trilead-api.jpi : Image version (1.67.vc3938a_35172f) is older than installed version (1.71.v9e7860a_67a_df)
--- Copying files at Fri Aug 12 14:07:53 UTC 2022
SKIPPED plugins/trilead-api.jpi : Image version (1.67.vc3938a_35172f) is older than installed version (1.71.v9e7860a_67a_df)
--- Copying files at Fri Aug 12 14:58:58 UTC 2022
SKIPPED plugins/trilead-api.jpi : Image version (1.67.vc3938a_35172f) is older than installed version (1.71.v9e7860a_67a_df)
--- Copying files at Fri Aug 12 15:01:50 UTC 2022
SKIPPED plugins/trilead-api.jpi : Image version (1.67.vc3938a_35172f) is older than installed version (1.71.v9e7860a_67a_df)
--- Copying files at Fri Aug 12 15:04:38 UTC 2022
SKIPPED plugins/trilead-api.jpi : Image version (1.67.vc3938a_35172f) is older than installed version (1.71.v9e7860a_67a_df)
--- Copying files at Fri Aug 12 15:28:37 UTC 2022
SKIPPED plugins/trilead-api.jpi : Image version (1.67.vc3938a_35172f) is older than installed version (1.71.v9e7860a_67a_df)
--- Copying files at Fri Aug 12 15:51:52 UTC 2022
UPGRADED plugins/scm-api.jpi : Image version (621.vda_a_b_055e58f7) is newer than installed version (620.v0a_5b_1f8054c0)
UPGRADED plugins/cloudbees-bitbucket-branch-source.jpi : Image version (785.ve724eb_44e286) is newer than installed version (784.v7fcdc7c670f6)
UPGRADED plugins/workflow-basic-steps.jpi : Image version (991.v43d80fea_ff66) is newer than installed version (986.v6b_9c830a_6b_37)
UPGRADED plugins/durable-task.jpi : Image version (500.v8927d9fd99d8) is newer than installed version (496.va67c6f9eefa7)
UPGRADED plugins/workflow-api.jpi : Image version (1192.v2d0deb_19d212) is newer than installed version (1188.v0016b_4f29881)
UPGRADED plugins/checks-api.jpi : Image version (1.7.5) is newer than installed version (1.7.4)
SKIPPED plugins/trilead-api.jpi : Image version (1.67.vc3938a_35172f) is older than installed version (1.71.v9e7860a_67a_df)
UPGRADED plugins/sse-gateway.jpi : Image version (1.26) is newer than installed version (1.25)
UPGRADED plugins/font-awesome-api.jpi : Image version (6.1.2-1) is newer than installed version (6.1.1-1)
UPGRADED plugins/bootstrap5-api.jpi : Image version (5.2.0-1) is newer than installed version (5.1.3-7)
--- Copying files at Fri Aug 12 16:06:28 UTC 2022
SKIPPED plugins/trilead-api.jpi : Image version (1.67.vc3938a_35172f) is older than installed version (1.71.v9e7860a_67a_df)
--- Copying files at Mon Aug 15 13:28:18 UTC 2022
SKIPPED plugins/trilead-api.jpi : Image version (1.67.vc3938a_35172f) is older than installed version (1.71.v9e7860a_67a_df)
--- Copying files at Mon Aug 15 13:48:10 UTC 2022
SKIPPED plugins/trilead-api.jpi : Image version (1.67.vc3938a_35172f) is older than installed version (1.71.v9e7860a_67a_df)
--- Copying files at Mon Aug 15 15:07:26 UTC 2022
SKIPPED plugins/trilead-api.jpi : Image version (1.67.vc3938a_35172f) is older than installed version (1.71.v9e7860a_67a_df)
--- Copying files at Wed Jan  4 14:56:54 UTC 2023
UPGRADED plugins/blueocean-dashboard.jpi : Image version (1.26.0) is newer than installed version (1.25.6)
UPGRADED plugins/blueocean-i18n.jpi : Image version (1.26.0) is newer than installed version (1.25.6)
UPGRADED plugins/pipeline-stage-tags-metadata.jpi : Image version (2.2118.v31fd5b_9944b_5) is newer than installed version (2.2114.v2654ca_721309)
UPGRADED plugins/display-url-api.jpi : Image version (2.3.7) is newer than installed version (2.3.6)
INSTALLED plugins/commons-lang3-api.jpi : 3.12.0-36.vd97de6465d5b_
UPGRADED plugins/font-awesome-api.jpi : Image version (6.2.1-1) is newer than installed version (6.1.2-1)
UPGRADED plugins/blueocean-github-pipeline.jpi : Image version (1.26.0) is newer than installed version (1.25.6)
UPGRADED plugins/echarts-api.jpi : Image version (5.4.0-1) is newer than installed version (5.3.3-1)
UPGRADED plugins/durable-task.jpi : Image version (503.v57154d18d478) is newer than installed version (500.v8927d9fd99d8)
UPGRADED plugins/cloudbees-folder.jpi : Image version (6.800.v71307ca_b_986b) is newer than installed version (6.758.vfd75d09eea_a_1)
UPGRADED plugins/javax-activation-api.jpi : Image version (1.2.0-5) is newer than installed version (1.2.0-4)
UPGRADED plugins/docker-commons.jpi : Image version (1.21) is newer than installed version (1.19)
UPGRADED plugins/workflow-basic-steps.jpi : Image version (994.vd57e3ca_46d24) is newer than installed version (991.v43d80fea_ff66)
UPGRADED plugins/pipeline-groovy-lib.jpi : Image version (629.vb_5627b_ee2104) is newer than installed version (612.v84da_9c54906d)
INSTALLED plugins/ionicons-api.jpi : 31.v4757b_6987003
UPGRADED plugins/token-macro.jpi : Image version (321.vd7cc1f2a_52c8) is newer than installed version (308.v4f2b_ed62b_b_16)
UPGRADED plugins/blueocean-pipeline-api-impl.jpi : Image version (1.26.0) is newer than installed version (1.25.6)
UPGRADED plugins/workflow-cps.jpi : Image version (3601.v9b_36a_d99e1cc) is newer than installed version (2759.v87459c4eea_ca_)
UPGRADED plugins/bootstrap5-api.jpi : Image version (5.2.1-3) is newer than installed version (5.2.0-1)
UPGRADED plugins/plugin-util-api.jpi : Image version (2.20.0) is newer than installed version (2.17.0)
UPGRADED plugins/plain-credentials.jpi : Image version (143.v1b_df8b_d3b_e48) is newer than installed version (139.ved2b_9cf7587b)
UPGRADED plugins/blueocean-rest.jpi : Image version (1.26.0) is newer than installed version (1.25.6)
UPGRADED plugins/blueocean-pipeline-editor.jpi : Image version (1.26.0) is newer than installed version (1.25.6)
UPGRADED plugins/workflow-api.jpi : Image version (1200.v8005c684b_a_c6) is newer than installed version (1192.v2d0deb_19d212)
UPGRADED plugins/credentials.jpi : Image version (1214.v1de940103927) is newer than installed version (1139.veb_9579fca_33b_)
UPGRADED plugins/workflow-durable-task-step.jpi : Image version (1217.v38306d8fa_b_5c) is newer than installed version (1199.v02b_9244f8064)
UPGRADED plugins/instance-identity.jpi : Image version (142.v04572ca_5b_265) is newer than installed version (116.vf8f487400980)
UPGRADED plugins/blueocean-jwt.jpi : Image version (1.26.0) is newer than installed version (1.25.6)
UPGRADED plugins/popper2-api.jpi : Image version (2.11.6-2) is newer than installed version (2.11.5-2)
UPGRADED plugins/script-security.jpi : Image version (1228.vd93135a_2fb_25) is newer than installed version (1175.v4b_d517d6db_f0)
UPGRADED plugins/git.jpi : Image version (5.0.0) is newer than installed version (4.11.4)
UPGRADED plugins/github.jpi : Image version (1.36.1) is newer than installed version (1.34.5)
UPGRADED plugins/blueocean-bitbucket-pipeline.jpi : Image version (1.26.0) is newer than installed version (1.25.6)
UPGRADED plugins/scm-api.jpi : Image version (631.v9143df5b_e4a_a) is newer than installed version (621.vda_a_b_055e58f7)
UPGRADED plugins/workflow-job.jpi : Image version (1254.v3f64639b_11dd) is newer than installed version (1232.v5a_4c994312f1)
UPGRADED plugins/github-branch-source.jpi : Image version (1696.v3a_7603564d04) is newer than installed version (1677.v731f745ea_0cf)
UPGRADED plugins/git-client.jpi : Image version (4.0.0) is newer than installed version (3.11.2)
INSTALLED plugins/commons-text-api.jpi : 1.10.0-27.vb_fa_3896786a_7
UPGRADED plugins/blueocean-commons.jpi : Image version (1.26.0) is newer than installed version (1.25.6)
UPGRADED plugins/jackson2-api.jpi : Image version (2.14.1-313.v504cdd45c18b) is newer than installed version (2.13.3-285.vc03c0256d517)
UPGRADED plugins/snakeyaml-api.jpi : Image version (1.33-90.v80dcb_3814d35) is newer than installed version (1.30.2-76.vc104f7ce9870)
UPGRADED plugins/blueocean-pipeline-scm-api.jpi : Image version (1.26.0) is newer than installed version (1.25.6)
UPGRADED plugins/jenkins-design-language.jpi : Image version (1.26.0) is newer than installed version (1.25.6)
UPGRADED plugins/blueocean-personalization.jpi : Image version (1.26.0) is newer than installed version (1.25.6)
UPGRADED plugins/pipeline-model-extensions.jpi : Image version (2.2118.v31fd5b_9944b_5) is newer than installed version (2.2114.v2654ca_721309)
UPGRADED plugins/pipeline-model-api.jpi : Image version (2.2118.v31fd5b_9944b_5) is newer than installed version (2.2114.v2654ca_721309)
UPGRADED plugins/pipeline-stage-step.jpi : Image version (296.v5f6908f017a_5) is newer than installed version (293.v200037eefcd5)
UPGRADED plugins/htmlpublisher.jpi : Image version (1.31) is newer than installed version (1.30)
UPGRADED plugins/jakarta-activation-api.jpi : Image version (2.0.1-2) is newer than installed version (2.0.1-1)
UPGRADED plugins/branch-api.jpi : Image version (2.1051.v9985666b_f6cc) is newer than installed version (2.1046.v0ca_37783ecc5)
UPGRADED plugins/pipeline-model-definition.jpi : Image version (2.2118.v31fd5b_9944b_5) is newer than installed version (2.2114.v2654ca_721309)
UPGRADED plugins/pipeline-input-step.jpi : Image version (466.v6d0a_5df34f81) is newer than installed version (449.v77f0e8b_845c4)
UPGRADED plugins/blueocean-core-js.jpi : Image version (1.26.0) is newer than installed version (1.25.6)
UPGRADED plugins/cloudbees-bitbucket-branch-source.jpi : Image version (791.vb_eea_a_476405b) is newer than installed version (785.ve724eb_44e286)
UPGRADED plugins/jakarta-mail-api.jpi : Image version (2.0.1-2) is newer than installed version (2.0.1-1)
UPGRADED plugins/junit.jpi : Image version (1166.va_436e268e972) is newer than installed version (1119.1121.vc43d0fc45561)
UPGRADED plugins/blueocean-rest-impl.jpi : Image version (1.26.0) is newer than installed version (1.25.6)
UPGRADED plugins/checks-api.jpi : Image version (1.8.1) is newer than installed version (1.7.5)
UPGRADED plugins/blueocean-events.jpi : Image version (1.26.0) is newer than installed version (1.25.6)
UPGRADED plugins/jquery3-api.jpi : Image version (3.6.1-2) is newer than installed version (3.6.0-4)
UPGRADED plugins/jaxb.jpi : Image version (2.3.7-1) is newer than installed version (2.3.6-1)
UPGRADED plugins/workflow-support.jpi : Image version (839.v35e2736cfd5c) is newer than installed version (838.va_3a_087b_4055b)
UPGRADED plugins/blueocean-config.jpi : Image version (1.26.0) is newer than installed version (1.25.6)
UPGRADED plugins/blueocean-web.jpi : Image version (1.26.0) is newer than installed version (1.25.6)
UPGRADED plugins/ssh-credentials.jpi : Image version (305.v8f4381501156) is newer than installed version (295.vced876c18eb_4)
UPGRADED plugins/blueocean-git-pipeline.jpi : Image version (1.26.0) is newer than installed version (1.25.6)
UPGRADED plugins/trilead-api.jpi : Image version (2.84.v72119de229b_7) is newer than installed version (1.71.v9e7860a_67a_df)
--- Copying files at Wed Jan  4 15:03:46 UTC 2023
