Started at Tue Feb 07 16:47:04 UTC 2023
Processing Check_database
Offering Check_database to Project Build Discarder
Processing Clean_workspace
Offering Clean_workspace to Project Build Discarder
Processing Create_database
Offering Create_database to Project Build Discarder
Processing diaspora_rdf_map
Offering diaspora_rdf_map to Project Build Discarder
Processing Diaspora_store_to_graph
Offering Diaspora_store_to_graph to Project Build Discarder
Processing diaspora_to_csv
Offering diaspora_to_csv to Project Build Discarder
Processing extract_sql
Offering extract_sql to Project Build Discarder
Processing Import_sql
Offering Import_sql to Project Build Discarder
Processing Import_tar
Offering Import_tar to Project Build Discarder
Processing prepare_sql_workspace
Offering prepare_sql_workspace to Project Build Discarder
Processing query_diaspora
Offering query_diaspora to Project Build Discarder
Processing validate_diaspora
Offering validate_diaspora to Project Build Discarder
Finished at Tue Feb 07 16:47:04 UTC 2023. 7ms
