Started at Mon Aug 08 18:00:30 UTC 2022
Processing diaspora_rdf_map
Offering diaspora_rdf_map to Project Build Discarder
Processing diaspora_store_to_graph
Offering diaspora_store_to_graph to Project Build Discarder
Processing diaspora_to_csv
Offering diaspora_to_csv to Project Build Discarder
Processing query_diaspora
Offering query_diaspora to Project Build Discarder
Processing validate_diaspora
Offering validate_diaspora to Project Build Discarder
Finished at Mon Aug 08 18:00:45 UTC 2022. 14942ms
Started at Mon Aug 08 18:49:25 UTC 2022
Processing diaspora_rdf_map
Offering diaspora_rdf_map to Project Build Discarder
Processing diaspora_store_to_graph
Offering diaspora_store_to_graph to Project Build Discarder
Processing diaspora_to_csv
Offering diaspora_to_csv to Project Build Discarder
Processing query_diaspora
Offering query_diaspora to Project Build Discarder
Processing validate_diaspora
Offering validate_diaspora to Project Build Discarder
Finished at Mon Aug 08 18:49:25 UTC 2022. 10ms
Started at Mon Aug 08 19:49:25 UTC 2022
Processing diaspora_rdf_map
Offering diaspora_rdf_map to Project Build Discarder
Processing diaspora_store_to_graph
Offering diaspora_store_to_graph to Project Build Discarder
Processing diaspora_to_csv
Offering diaspora_to_csv to Project Build Discarder
Processing query_diaspora
Offering query_diaspora to Project Build Discarder
Processing validate_diaspora
Offering validate_diaspora to Project Build Discarder
Finished at Mon Aug 08 19:49:25 UTC 2022. 10ms
Started at Mon Aug 08 20:49:25 UTC 2022
Processing diaspora_rdf_map
Offering diaspora_rdf_map to Project Build Discarder
Processing diaspora_store_to_graph
Offering diaspora_store_to_graph to Project Build Discarder
Processing diaspora_to_csv
Offering diaspora_to_csv to Project Build Discarder
Processing query_diaspora
Offering query_diaspora to Project Build Discarder
Processing validate_diaspora
Offering validate_diaspora to Project Build Discarder
Finished at Mon Aug 08 20:49:25 UTC 2022. 15ms
Started at Mon Aug 08 21:49:25 UTC 2022
Processing diaspora_rdf_map
Offering diaspora_rdf_map to Project Build Discarder
Processing diaspora_store_to_graph
Offering diaspora_store_to_graph to Project Build Discarder
Processing diaspora_to_csv
Offering diaspora_to_csv to Project Build Discarder
Processing query_diaspora
Offering query_diaspora to Project Build Discarder
Processing validate_diaspora
Offering validate_diaspora to Project Build Discarder
Finished at Mon Aug 08 21:49:25 UTC 2022. 15ms
Started at Mon Aug 08 22:49:25 UTC 2022
Processing diaspora_rdf_map
Offering diaspora_rdf_map to Project Build Discarder
Processing diaspora_store_to_graph
Offering diaspora_store_to_graph to Project Build Discarder
Processing diaspora_to_csv
Offering diaspora_to_csv to Project Build Discarder
Processing query_diaspora
Offering query_diaspora to Project Build Discarder
Processing validate_diaspora
Offering validate_diaspora to Project Build Discarder
Finished at Mon Aug 08 22:49:25 UTC 2022. 13ms
Started at Mon Aug 08 23:49:25 UTC 2022
Processing diaspora_rdf_map
Offering diaspora_rdf_map to Project Build Discarder
Processing diaspora_store_to_graph
Offering diaspora_store_to_graph to Project Build Discarder
Processing diaspora_to_csv
Offering diaspora_to_csv to Project Build Discarder
Processing query_diaspora
Offering query_diaspora to Project Build Discarder
Processing validate_diaspora
Offering validate_diaspora to Project Build Discarder
Finished at Mon Aug 08 23:49:25 UTC 2022. 9ms
Started at Tue Aug 09 00:49:25 UTC 2022
Processing diaspora_rdf_map
Offering diaspora_rdf_map to Project Build Discarder
Processing diaspora_store_to_graph
Offering diaspora_store_to_graph to Project Build Discarder
Processing diaspora_to_csv
Offering diaspora_to_csv to Project Build Discarder
Processing query_diaspora
Offering query_diaspora to Project Build Discarder
Processing validate_diaspora
Offering validate_diaspora to Project Build Discarder
Finished at Tue Aug 09 00:49:25 UTC 2022. 18ms
Started at Tue Aug 09 01:49:25 UTC 2022
Processing diaspora_rdf_map
Offering diaspora_rdf_map to Project Build Discarder
Processing diaspora_store_to_graph
Offering diaspora_store_to_graph to Project Build Discarder
Processing diaspora_to_csv
Offering diaspora_to_csv to Project Build Discarder
Processing query_diaspora
Offering query_diaspora to Project Build Discarder
Processing validate_diaspora
Offering validate_diaspora to Project Build Discarder
Finished at Tue Aug 09 01:49:25 UTC 2022. 15ms
Started at Tue Aug 09 02:49:25 UTC 2022
Processing diaspora_rdf_map
Offering diaspora_rdf_map to Project Build Discarder
Processing diaspora_store_to_graph
Offering diaspora_store_to_graph to Project Build Discarder
Processing diaspora_to_csv
Offering diaspora_to_csv to Project Build Discarder
Processing query_diaspora
Offering query_diaspora to Project Build Discarder
Processing validate_diaspora
Offering validate_diaspora to Project Build Discarder
Finished at Tue Aug 09 02:49:25 UTC 2022. 15ms
Started at Tue Aug 09 03:49:25 UTC 2022
Processing diaspora_rdf_map
Offering diaspora_rdf_map to Project Build Discarder
Processing diaspora_store_to_graph
Offering diaspora_store_to_graph to Project Build Discarder
Processing diaspora_to_csv
Offering diaspora_to_csv to Project Build Discarder
Processing query_diaspora
Offering query_diaspora to Project Build Discarder
Processing validate_diaspora
Offering validate_diaspora to Project Build Discarder
Finished at Tue Aug 09 03:49:25 UTC 2022. 14ms
Started at Tue Aug 09 04:49:25 UTC 2022
Processing diaspora_rdf_map
Offering diaspora_rdf_map to Project Build Discarder
Processing diaspora_store_to_graph
Offering diaspora_store_to_graph to Project Build Discarder
Processing diaspora_to_csv
Offering diaspora_to_csv to Project Build Discarder
Processing query_diaspora
Offering query_diaspora to Project Build Discarder
Processing validate_diaspora
Offering validate_diaspora to Project Build Discarder
Finished at Tue Aug 09 04:49:25 UTC 2022. 9ms
Started at Tue Aug 09 05:49:25 UTC 2022
Processing diaspora_rdf_map
Offering diaspora_rdf_map to Project Build Discarder
Processing diaspora_store_to_graph
Offering diaspora_store_to_graph to Project Build Discarder
Processing diaspora_to_csv
Offering diaspora_to_csv to Project Build Discarder
Processing query_diaspora
Offering query_diaspora to Project Build Discarder
Processing validate_diaspora
Offering validate_diaspora to Project Build Discarder
Finished at Tue Aug 09 05:49:25 UTC 2022. 12ms
Started at Tue Aug 09 06:49:25 UTC 2022
Processing diaspora_rdf_map
Offering diaspora_rdf_map to Project Build Discarder
Processing diaspora_store_to_graph
Offering diaspora_store_to_graph to Project Build Discarder
Processing diaspora_to_csv
Offering diaspora_to_csv to Project Build Discarder
Processing query_diaspora
Offering query_diaspora to Project Build Discarder
Processing validate_diaspora
Offering validate_diaspora to Project Build Discarder
Finished at Tue Aug 09 06:49:25 UTC 2022. 8ms
Started at Tue Aug 09 07:49:25 UTC 2022
Processing diaspora_rdf_map
Offering diaspora_rdf_map to Project Build Discarder
Processing diaspora_store_to_graph
Offering diaspora_store_to_graph to Project Build Discarder
Processing diaspora_to_csv
Offering diaspora_to_csv to Project Build Discarder
Processing query_diaspora
Offering query_diaspora to Project Build Discarder
Processing validate_diaspora
Offering validate_diaspora to Project Build Discarder
Finished at Tue Aug 09 07:49:25 UTC 2022. 10ms
Started at Tue Aug 09 08:49:25 UTC 2022
Processing diaspora_rdf_map
Offering diaspora_rdf_map to Project Build Discarder
Processing diaspora_store_to_graph
Offering diaspora_store_to_graph to Project Build Discarder
Processing diaspora_to_csv
Offering diaspora_to_csv to Project Build Discarder
Processing query_diaspora
Offering query_diaspora to Project Build Discarder
Processing validate_diaspora
Offering validate_diaspora to Project Build Discarder
Finished at Tue Aug 09 08:49:25 UTC 2022. 16ms
Started at Tue Aug 09 09:56:21 UTC 2022
Processing diaspora_rdf_map
Offering diaspora_rdf_map to Project Build Discarder
Processing diaspora_store_to_graph
Offering diaspora_store_to_graph to Project Build Discarder
Processing diaspora_to_csv
Offering diaspora_to_csv to Project Build Discarder
Processing query_diaspora
Offering query_diaspora to Project Build Discarder
Processing validate_diaspora
Offering validate_diaspora to Project Build Discarder
Finished at Tue Aug 09 09:56:21 UTC 2022. 716ms
Started at Tue Aug 09 10:49:25 UTC 2022
Processing diaspora_rdf_map
Offering diaspora_rdf_map to Project Build Discarder
Processing diaspora_store_to_graph
Offering diaspora_store_to_graph to Project Build Discarder
Processing diaspora_to_csv
Offering diaspora_to_csv to Project Build Discarder
Processing query_diaspora
Offering query_diaspora to Project Build Discarder
Processing validate_diaspora
Offering validate_diaspora to Project Build Discarder
Finished at Tue Aug 09 10:49:25 UTC 2022. 20ms
Started at Tue Aug 09 11:49:25 UTC 2022
Processing diaspora_rdf_map
Offering diaspora_rdf_map to Project Build Discarder
Processing diaspora_store_to_graph
Offering diaspora_store_to_graph to Project Build Discarder
Processing diaspora_to_csv
Offering diaspora_to_csv to Project Build Discarder
Processing query_diaspora
Offering query_diaspora to Project Build Discarder
Processing validate_diaspora
Offering validate_diaspora to Project Build Discarder
Finished at Tue Aug 09 11:49:25 UTC 2022. 7ms
